<?xml version="1.0" encoding="UTF-8"?>
<testng-results ignored="0" total="1" passed="1" failed="0" skipped="0">
  <reporter-output>
  </reporter-output>
  <suite started-at="2022-09-06T00:56:18 CDT" name="All Test Suite" finished-at="2022-09-06T00:56:23 CDT" duration-ms="4987">
    <groups>
      <group name="cucumber">
        <method signature="AbstractTestNGCucumberTests.runScenario(io.cucumber.testng.PickleWrapper,io.cucumber.testng.FeatureWrapper)[pri:0, instance:runners.Run@4f18837a]" name="runScenario" class="io.cucumber.testng.AbstractTestNGCucumberTests"/>
      </group> <!-- cucumber -->
    </groups>
    <test started-at="2022-09-06T00:56:18 CDT" name="E:/Documents/Selenium Java Course/SeleniumFramework/CucumberBDD" finished-at="2022-09-06T00:56:23 CDT" duration-ms="4987">
      <class name="runners.Run">
        <test-method is-config="true" signature="setUpClass(org.testng.ITestContext)[pri:0, instance:runners.Run@4f18837a]" started-at="2022-09-06T00:56:18 CDT" name="setUpClass" finished-at="2022-09-06T00:56:18 CDT" duration-ms="230" status="PASS">
          <params>
            <param index="0">
              <value>
                <![CDATA[org.testng.TestRunner@1108adc8]]>
              </value>
            </param>
          </params>
          <reporter-output>
          </reporter-output>
        </test-method> <!-- setUpClass -->
        <test-method signature="runScenario(io.cucumber.testng.PickleWrapper,io.cucumber.testng.FeatureWrapper)[pri:0, instance:runners.Run@4f18837a]" started-at="2022-09-06T00:56:18 CDT" name="runScenario" description="Runs Cucumber Scenarios" data-provider="scenarios" finished-at="2022-09-06T00:56:23 CDT" duration-ms="4700" status="PASS">
          <params>
            <param index="0">
              <value>
                <![CDATA["Logo presence on OrangeHRM home page"]]>
              </value>
            </param>
            <param index="1">
              <value>
                <![CDATA["Logo Presence"]]>
              </value>
            </param>
          </params>
          <reporter-output>
          </reporter-output>
        </test-method> <!-- runScenario -->
        <test-method is-config="true" signature="tearDownClass()[pri:0, instance:runners.Run@4f18837a]" started-at="2022-09-06T00:56:23 CDT" name="tearDownClass" finished-at="2022-09-06T00:56:23 CDT" duration-ms="7" status="PASS">
          <reporter-output>
          </reporter-output>
        </test-method> <!-- tearDownClass -->
      </class> <!-- runners.Run -->
    </test> <!-- E:/Documents/Selenium Java Course/SeleniumFramework/CucumberBDD -->
  </suite> <!-- All Test Suite -->
</testng-results>
